# JRE version: Java(TM) SE Runtime Environment (17.0.10+11) (build 17.0.10+11-LTS-240)
# Java VM: Java HotSpot(TM) 64-Bit Server VM (17.0.10+11-LTS-240, mixed mode, sharing, tiered, compressed oops, compressed class ptrs, g1 gc, windows-amd64)
GC Precious Log:
 CPUs: 20 total, 20 available
 Memory: 32507M
 Large Page Support: Disabled
 NUMA Support: Disabled
 Compressed Oops: Enabled (Zero based)
 Heap Region Size: 4M
 Heap Min Capacity: 8M
 Heap Initial Capacity: 508M
 Heap Max Capacity: 8128M
 Pre-touch: Disabled
 Parallel Workers: 15
 Concurrent Workers: 4
 Concurrent Refinement Workers: 15
 Periodic GC: Disabled
Heap:
 garbage-first heap   total 151552K, used 70979K [0x0000000604000000, 0x0000000800000000)
  region size 4096K, 4 young (16384K), 1 survivors (4096K)
 Metaspace       used 93481K, committed 94208K, reserved 1179648K
  class space    used 12387K, committed 12736K, reserved 1048576K
GC Heap History (20 events):
Event: 5.162 GC heap before
{Heap before GC invocations=16 (full 0):
 garbage-first heap   total 69632K, used 50205K [0x0000000604000000, 0x0000000800000000)
  region size 4096K, 6 young (24576K), 1 survivors (4096K)
 Metaspace       used 70713K, committed 71296K, reserved 1114112K
  class space    used 9462K, committed 9728K, reserved 1048576K
}
Event: 5.165 GC heap after
{Heap after GC invocations=17 (full 0):
 garbage-first heap   total 69632K, used 31502K [0x0000000604000000, 0x0000000800000000)
  region size 4096K, 1 young (4096K), 1 survivors (4096K)
 Metaspace       used 70713K, committed 71296K, reserved 1114112K
  class space    used 9462K, committed 9728K, reserved 1048576K
}
Event: 5.861 GC heap before
{Heap before GC invocations=17 (full 0):
 garbage-first heap   total 69632K, used 43790K [0x0000000604000000, 0x0000000800000000)
  region size 4096K, 5 young (20480K), 1 survivors (4096K)
 Metaspace       used 73838K, committed 74432K, reserved 1114112K
  class space    used 9906K, committed 10176K, reserved 1048576K
}
Event: 5.864 GC heap after
{Heap after GC invocations=18 (full 0):
 garbage-first heap   total 69632K, used 34858K [0x0000000604000000, 0x0000000800000000)
  region size 4096K, 1 young (4096K), 1 survivors (4096K)
 Metaspace       used 73838K, committed 74432K, reserved 1114112K
  class space    used 9906K, committed 10176K, reserved 1048576K
}
Event: 6.114 GC heap before
{Heap before GC invocations=19 (full 0):
 garbage-first heap   total 69632K, used 47146K [0x0000000604000000, 0x0000000800000000)
  region size 4096K, 5 young (20480K), 1 survivors (4096K)
 Metaspace       used 78576K, committed 79168K, reserved 1179648K
  class space    used 10646K, committed 10944K, reserved 1048576K
}
Event: 6.118 GC heap after
{Heap after GC invocations=20 (full 0):
 garbage-first heap   total 69632K, used 36538K [0x0000000604000000, 0x0000000800000000)
  region size 4096K, 1 young (4096K), 1 survivors (4096K)
 Metaspace       used 78576K, committed 79168K, reserved 1179648K
  class space    used 10646K, committed 10944K, reserved 1048576K
}
Event: 6.182 GC heap before
{Heap before GC invocations=20 (full 0):
 garbage-first heap   total 69632K, used 40634K [0x0000000604000000, 0x0000000800000000)
  region size 4096K, 2 young (8192K), 1 survivors (4096K)
 Metaspace       used 79299K, committed 79936K, reserved 1179648K
  class space    used 10744K, committed 11072K, reserved 1048576K
}
Event: 6.185 GC heap after
{Heap after GC invocations=21 (full 0):
 garbage-first heap   total 69632K, used 37019K [0x0000000604000000, 0x0000000800000000)
  region size 4096K, 1 young (4096K), 1 survivors (4096K)
 Metaspace       used 79299K, committed 79936K, reserved 1179648K
  class space    used 10744K, committed 11072K, reserved 1048576K
}
Event: 6.488 GC heap before
{Heap before GC invocations=21 (full 0):
 garbage-first heap   total 69632K, used 45211K [0x0000000604000000, 0x0000000800000000)
  region size 4096K, 4 young (16384K), 1 survivors (4096K)
 Metaspace       used 83002K, committed 83648K, reserved 1179648K
  class space    used 11220K, committed 11520K, reserved 1048576K
}
Event: 6.490 GC heap after
{Heap after GC invocations=22 (full 0):
 garbage-first heap   total 294912K, used 38788K [0x0000000604000000, 0x0000000800000000)
  region size 4096K, 1 young (4096K), 1 survivors (4096K)
 Metaspace       used 83002K, committed 83648K, reserved 1179648K
  class space    used 11220K, committed 11520K, reserved 1048576K
}
Event: 7.324 GC heap before
{Heap before GC invocations=23 (full 0):
 garbage-first heap   total 151552K, used 128900K [0x0000000604000000, 0x0000000800000000)
  region size 4096K, 13 young (53248K), 1 survivors (4096K)
 Metaspace       used 85441K, committed 86080K, reserved 1179648K
  class space    used 11518K, committed 11840K, reserved 1048576K
}
Event: 7.326 GC heap after
{Heap after GC invocations=24 (full 0):
 garbage-first heap   total 151552K, used 68867K [0x0000000604000000, 0x0000000800000000)
  region size 4096K, 2 young (8192K), 2 survivors (8192K)
 Metaspace       used 85441K, committed 86080K, reserved 1179648K
  class space    used 11518K, committed 11840K, reserved 1048576K
}
Event: 7.395 GC heap before
{Heap before GC invocations=24 (full 0):
 garbage-first heap   total 151552K, used 72963K [0x0000000604000000, 0x0000000800000000)
  region size 4096K, 3 young (12288K), 2 survivors (8192K)
 Metaspace       used 85478K, committed 86144K, reserved 1179648K
  class space    used 11518K, committed 11840K, reserved 1048576K
}
Event: 7.397 GC heap after
{Heap after GC invocations=25 (full 0):
 garbage-first heap   total 151552K, used 69571K [0x0000000604000000, 0x0000000800000000)
  region size 4096K, 1 young (4096K), 1 survivors (4096K)
 Metaspace       used 85478K, committed 86144K, reserved 1179648K
  class space    used 11518K, committed 11840K, reserved 1048576K
}
Event: 16.082 GC heap before
{Heap before GC invocations=25 (full 0):
 garbage-first heap   total 151552K, used 106435K [0x0000000604000000, 0x0000000800000000)
  region size 4096K, 12 young (49152K), 1 survivors (4096K)
 Metaspace       used 90475K, committed 91136K, reserved 1179648K
  class space    used 12116K, committed 12416K, reserved 1048576K
}
Event: 16.085 GC heap after
{Heap after GC invocations=26 (full 0):
 garbage-first heap   total 151552K, used 72457K [0x0000000604000000, 0x0000000800000000)
  region size 4096K, 2 young (8192K), 2 survivors (8192K)
 Metaspace       used 90475K, committed 91136K, reserved 1179648K
  class space    used 12116K, committed 12416K, reserved 1048576K
}
Event: 18.738 GC heap before
{Heap before GC invocations=27 (full 0):
 garbage-first heap   total 151552K, used 125705K [0x0000000604000000, 0x0000000800000000)
  region size 4096K, 9 young (36864K), 2 survivors (8192K)
 Metaspace       used 91424K, committed 92096K, reserved 1179648K
  class space    used 12188K, committed 12480K, reserved 1048576K
}
Event: 18.741 GC heap after
{Heap after GC invocations=28 (full 0):
 garbage-first heap   total 151552K, used 63707K [0x0000000604000000, 0x0000000800000000)
  region size 4096K, 1 young (4096K), 1 survivors (4096K)
 Metaspace       used 91424K, committed 92096K, reserved 1179648K
  class space    used 12188K, committed 12480K, reserved 1048576K
}
Event: 19.065 GC heap before
{Heap before GC invocations=28 (full 0):
 garbage-first heap   total 151552K, used 63707K [0x0000000604000000, 0x0000000800000000)
  region size 4096K, 2 young (8192K), 1 survivors (4096K)
 Metaspace       used 91561K, committed 92288K, reserved 1179648K
  class space    used 12205K, committed 12608K, reserved 1048576K
}
Event: 19.069 GC heap after
{Heap after GC invocations=29 (full 0):
 garbage-first heap   total 151552K, used 62787K [0x0000000604000000, 0x0000000800000000)
  region size 4096K, 1 young (4096K), 1 survivors (4096K)
 Metaspace       used 91561K, committed 92288K, reserved 1179648K
  class space    used 12205K, committed 12608K, reserved 1048576K
}

