# JRE version: Java(TM) SE Runtime Environment (17.0.10+11) (build 17.0.10+11-LTS-240)
# Java VM: Java HotSpot(TM) 64-Bit Server VM (17.0.10+11-LTS-240, mixed mode, sharing, tiered, compressed oops, compressed class ptrs, g1 gc, windows-amd64)
GC Precious Log:
 CPUs: 20 total, 20 available
 Memory: 32507M
 Large Page Support: Disabled
 NUMA Support: Disabled
 Compressed Oops: Enabled (Zero based)
 Heap Region Size: 4M
 Heap Min Capacity: 8M
 Heap Initial Capacity: 508M
 Heap Max Capacity: 8128M
 Pre-touch: Disabled
 Parallel Workers: 15
 Concurrent Workers: 4
 Concurrent Refinement Workers: 15
 Periodic GC: Disabled
Heap:
 garbage-first heap   total 233472K, used 99241K [0x0000000604000000, 0x0000000800000000)
  region size 4096K, 9 young (36864K), 2 survivors (8192K)
 Metaspace       used 95788K, committed 96448K, reserved 1179648K
  class space    used 12623K, committed 12928K, reserved 1048576K
GC Heap History (20 events):
Event: 5.001 GC heap before
{Heap before GC invocations=15 (full 0):
 garbage-first heap   total 69632K, used 51633K [0x0000000604000000, 0x0000000800000000)
  region size 4096K, 7 young (28672K), 1 survivors (4096K)
 Metaspace       used 67686K, committed 68224K, reserved 1114112K
  class space    used 9008K, committed 9280K, reserved 1048576K
}
Event: 5.004 GC heap after
{Heap after GC invocations=16 (full 0):
 garbage-first heap   total 69632K, used 29662K [0x0000000604000000, 0x0000000800000000)
  region size 4096K, 1 young (4096K), 1 survivors (4096K)
 Metaspace       used 67686K, committed 68224K, reserved 1114112K
  class space    used 9008K, committed 9280K, reserved 1048576K
}
Event: 5.344 GC heap before
{Heap before GC invocations=16 (full 0):
 garbage-first heap   total 69632K, used 46046K [0x0000000604000000, 0x0000000800000000)
  region size 4096K, 6 young (24576K), 1 survivors (4096K)
 Metaspace       used 70684K, committed 71296K, reserved 1114112K
  class space    used 9461K, committed 9728K, reserved 1048576K
}
Event: 5.347 GC heap after
{Heap after GC invocations=17 (full 0):
 garbage-first heap   total 69632K, used 31486K [0x0000000604000000, 0x0000000800000000)
  region size 4096K, 1 young (4096K), 1 survivors (4096K)
 Metaspace       used 70684K, committed 71296K, reserved 1114112K
  class space    used 9461K, committed 9728K, reserved 1048576K
}
Event: 5.991 GC heap before
{Heap before GC invocations=17 (full 0):
 garbage-first heap   total 69632K, used 43774K [0x0000000604000000, 0x0000000800000000)
  region size 4096K, 5 young (20480K), 1 survivors (4096K)
 Metaspace       used 73814K, committed 74432K, reserved 1114112K
  class space    used 9902K, committed 10176K, reserved 1048576K
}
Event: 5.993 GC heap after
{Heap after GC invocations=18 (full 0):
 garbage-first heap   total 69632K, used 34846K [0x0000000604000000, 0x0000000800000000)
  region size 4096K, 1 young (4096K), 1 survivors (4096K)
 Metaspace       used 73814K, committed 74432K, reserved 1114112K
  class space    used 9902K, committed 10176K, reserved 1048576K
}
Event: 6.214 GC heap before
{Heap before GC invocations=19 (full 0):
 garbage-first heap   total 69632K, used 51230K [0x0000000604000000, 0x0000000800000000)
  region size 4096K, 5 young (20480K), 1 survivors (4096K)
 Metaspace       used 78558K, committed 79168K, reserved 1179648K
  class space    used 10645K, committed 10944K, reserved 1048576K
}
Event: 6.217 GC heap after
{Heap after GC invocations=20 (full 0):
 garbage-first heap   total 69632K, used 36753K [0x0000000604000000, 0x0000000800000000)
  region size 4096K, 1 young (4096K), 1 survivors (4096K)
 Metaspace       used 78558K, committed 79168K, reserved 1179648K
  class space    used 10645K, committed 10944K, reserved 1048576K
}
Event: 6.282 GC heap before
{Heap before GC invocations=20 (full 0):
 garbage-first heap   total 69632K, used 40849K [0x0000000604000000, 0x0000000800000000)
  region size 4096K, 2 young (8192K), 1 survivors (4096K)
 Metaspace       used 79284K, committed 79936K, reserved 1179648K
  class space    used 10747K, committed 11072K, reserved 1048576K
}
Event: 6.284 GC heap after
{Heap after GC invocations=21 (full 0):
 garbage-first heap   total 69632K, used 37265K [0x0000000604000000, 0x0000000800000000)
  region size 4096K, 1 young (4096K), 1 survivors (4096K)
 Metaspace       used 79284K, committed 79936K, reserved 1179648K
  class space    used 10747K, committed 11072K, reserved 1048576K
}
Event: 7.495 GC heap before
{Heap before GC invocations=21 (full 0):
 garbage-first heap   total 69632K, used 45457K [0x0000000604000000, 0x0000000800000000)
  region size 4096K, 4 young (16384K), 1 survivors (4096K)
 Metaspace       used 82349K, committed 83008K, reserved 1179648K
  class space    used 11138K, committed 11456K, reserved 1048576K
}
Event: 7.498 GC heap after
{Heap after GC invocations=22 (full 0):
 garbage-first heap   total 294912K, used 39744K [0x0000000604000000, 0x0000000800000000)
  region size 4096K, 1 young (4096K), 1 survivors (4096K)
 Metaspace       used 82349K, committed 83008K, reserved 1179648K
  class space    used 11138K, committed 11456K, reserved 1048576K
}
Event: 21.080 GC heap before
{Heap before GC invocations=23 (full 0):
 garbage-first heap   total 233472K, used 199488K [0x0000000604000000, 0x0000000800000000)
  region size 4096K, 23 young (94208K), 1 survivors (4096K)
 Metaspace       used 89552K, committed 90240K, reserved 1179648K
  class space    used 12021K, committed 12352K, reserved 1048576K
}
Event: 21.084 GC heap after
{Heap after GC invocations=24 (full 0):
 garbage-first heap   total 233472K, used 50216K [0x0000000604000000, 0x0000000800000000)
  region size 4096K, 3 young (12288K), 3 survivors (12288K)
 Metaspace       used 89552K, committed 90240K, reserved 1179648K
  class space    used 12021K, committed 12352K, reserved 1048576K
}
Event: 21.147 GC heap before
{Heap before GC invocations=24 (full 0):
 garbage-first heap   total 233472K, used 78888K [0x0000000604000000, 0x0000000800000000)
  region size 4096K, 4 young (16384K), 3 survivors (12288K)
 Metaspace       used 90034K, committed 90752K, reserved 1179648K
  class space    used 12059K, committed 12416K, reserved 1048576K
}
Event: 21.151 GC heap after
{Heap after GC invocations=25 (full 0):
 garbage-first heap   total 233472K, used 45438K [0x0000000604000000, 0x0000000800000000)
  region size 4096K, 1 young (4096K), 1 survivors (4096K)
 Metaspace       used 90034K, committed 90752K, reserved 1179648K
  class space    used 12059K, committed 12416K, reserved 1048576K
}
Event: 29.906 GC heap before
{Heap before GC invocations=25 (full 0):
 garbage-first heap   total 233472K, used 127358K [0x0000000604000000, 0x0000000800000000)
  region size 4096K, 9 young (36864K), 1 survivors (4096K)
 Metaspace       used 92074K, committed 92800K, reserved 1179648K
  class space    used 12274K, committed 12672K, reserved 1048576K
}
Event: 29.910 GC heap after
{Heap after GC invocations=26 (full 0):
 garbage-first heap   total 233472K, used 64788K [0x0000000604000000, 0x0000000800000000)
  region size 4096K, 2 young (8192K), 2 survivors (8192K)
 Metaspace       used 92074K, committed 92800K, reserved 1179648K
  class space    used 12274K, committed 12672K, reserved 1048576K
}
Event: 294.611 GC heap before
{Heap before GC invocations=26 (full 0):
 garbage-first heap   total 233472K, used 195860K [0x0000000604000000, 0x0000000800000000)
  region size 4096K, 27 young (110592K), 2 survivors (8192K)
 Metaspace       used 93925K, committed 94720K, reserved 1179648K
  class space    used 12449K, committed 12864K, reserved 1048576K
}
Event: 294.614 GC heap after
{Heap after GC invocations=27 (full 0):
 garbage-first heap   total 233472K, used 74665K [0x0000000604000000, 0x0000000800000000)
  region size 4096K, 2 young (8192K), 2 survivors (8192K)
 Metaspace       used 93925K, committed 94720K, reserved 1179648K
  class space    used 12449K, committed 12864K, reserved 1048576K
}

